Using pre-set license
Built from '6000.1/staging' branch; Version is '6000.1.2f1 (8e2281df4c52) revision 9314945'; Using compiler version '194234433'; Build Type 'Release'
OS: 'Windows 11  (10.0.26100) 64bit Professional' Language: 'en' Physical Memory: 16304 MB
BatchMode: 1, IsHumanControllingUs: 0, StartBugReporterOnCrash: 0, Is64bit: 1, IsPro: 1
Date: 2025-08-15T13:45:43Z

COMMAND LINE ARGUMENTS:
C:\Program Files\Unity\Hub\Editor\6000.1.2f1\Editor\Unity.exe
-adb2
-batchMode
-noUpm
-name
AssetImportWorker0
-projectPath
C:/Users/gordo/Desktop/Projects/GameStudies3/GameStudies3
-logFile
Logs/AssetImportWorker0.log
-srvPort
55474
-job-worker-count
2
-background-job-worker-count
8
-gc-helper-count
1
-name
AssetImport
Successfully changed project path to: C:/Users/gordo/Desktop/Projects/GameStudies3/GameStudies3
C:/Users/gordo/Desktop/Projects/GameStudies3/GameStudies3
[UnityMemory] Configuration Parameters - Can be set up in boot.config
    "memorysetup-allocator-temp-initial-block-size-main=262144"
    "memorysetup-allocator-temp-initial-block-size-worker=262144"
    "memorysetup-bucket-allocator-granularity=16"
    "memorysetup-bucket-allocator-bucket-count=8"
    "memorysetup-bucket-allocator-block-size=33554432"
    "memorysetup-bucket-allocator-block-count=8"
    "memorysetup-main-allocator-block-size=16777216"
    "memorysetup-thread-allocator-block-size=16777216"
    "memorysetup-gfx-main-allocator-block-size=16777216"
    "memorysetup-gfx-thread-allocator-block-size=16777216"
    "memorysetup-cache-allocator-block-size=4194304"
    "memorysetup-typetree-allocator-block-size=2097152"
    "memorysetup-profiler-bucket-allocator-granularity=16"
    "memorysetup-profiler-bucket-allocator-bucket-count=8"
    "memorysetup-profiler-bucket-allocator-block-size=33554432"
    "memorysetup-profiler-bucket-allocator-block-count=8"
    "memorysetup-profiler-allocator-block-size=16777216"
    "memorysetup-profiler-editor-allocator-block-size=1048576"
    "memorysetup-temp-allocator-size-main=16777216"
    "memorysetup-job-temp-allocator-block-size=2097152"
    "memorysetup-job-temp-allocator-block-size-background=1048576"
    "memorysetup-job-temp-allocator-reduction-small-platforms=262144"
    "memorysetup-temp-allocator-size-background-worker=32768"
    "memorysetup-temp-allocator-size-job-worker=262144"
    "memorysetup-temp-allocator-size-preload-manager=33554432"
    "memorysetup-temp-allocator-size-nav-mesh-worker=65536"
    "memorysetup-temp-allocator-size-audio-worker=65536"
    "memorysetup-temp-allocator-size-cloud-worker=32768"
    "memorysetup-temp-allocator-size-gi-baking-worker=262144"
    "memorysetup-temp-allocator-size-gi-baking-worker=262144"
    "memorysetup-temp-allocator-size-gi-baking-worker=262144"
    "memorysetup-temp-allocator-size-gi-baking-worker=262144"
    "memorysetup-temp-allocator-size-gi-baking-worker=262144"
    "memorysetup-temp-allocator-size-gfx=262144"
Player connection [5900]  Target information:

Player connection [5900]  * "[IP] 192.168.0.233 [Port] 0 [Flags] 2 [Guid] 3022293813 [EditorId] 3022293813 [Version] 1048832 [Id] WindowsEditor(7,PlayGround) [Debug] 1 [PackageName] WindowsEditor [ProjectName] Editor" 

Player connection [5900] Host joined multi-casting on [225.0.0.222:54997]...
Player connection [5900] Host joined alternative multi-casting on [225.0.0.222:34997]...
JobSystem: Creating JobQueue using job-worker-count value 2
Input System module state changed to: Initialized.
[Physics::Module] Initialized fallback backend.
[Physics::Module] Id: 0xdecafbad
Library Redirect Path: Library/
[Physics::Module] Selected backend.
[Physics::Module] Name: PhysX
[Physics::Module] Id: 0xf2b8ea05
[Physics::Module] SDK Version: 4.1.2
[Physics::Module] Integration Version: 1.0.0
[Physics::Module] Threading Mode: Multi-Threaded
Refreshing native plugins compatible for Editor in 101.63 ms, found 5 plugins.
Preloading 0 native plugins for Editor in 0.00 ms.
Initialize engine version: 6000.1.2f1 (8e2281df4c52)
[Subsystems] Discovering subsystems at path C:/Program Files/Unity/Hub/Editor/6000.1.2f1/Editor/Data/Resources/UnitySubsystems
[Subsystems] Discovering subsystems at path C:/Users/gordo/Desktop/Projects/GameStudies3/GameStudies3/Assets
GfxDevice: creating device client; kGfxThreadingModeNonThreaded
Direct3D:
    Version:         Direct3D 12 [level 12.1]
    Renderer:        NVIDIA GeForce GTX 1660 (ID=0x2184)
    Vendor:          NVIDIA
    VRAM:            5966 MB
    App VRAM Budget: 5198 MB
    Driver:          32.0.15.7688
Initialize mono
Mono path[0] = 'C:/Program Files/Unity/Hub/Editor/6000.1.2f1/Editor/Data/Managed'
Mono path[1] = 'C:/Program Files/Unity/Hub/Editor/6000.1.2f1/Editor/Data/MonoBleedingEdge/lib/mono/unityjit-win32'
Mono config path = 'C:/Program Files/Unity/Hub/Editor/6000.1.2f1/Editor/Data/MonoBleedingEdge/etc'
Using monoOptions --debugger-agent=transport=dt_socket,embedding=1,server=y,suspend=n,address=127.0.0.1:56520
Begin MonoManager ReloadAssembly
Registering precompiled unity dll's ...
Register platform support module: C:/Program Files/Unity/Hub/Editor/6000.1.2f1/Editor/Data/PlaybackEngines/WebGLSupport/UnityEditor.WebGL.Extensions.dll
Register platform support module: C:/Program Files/Unity/Hub/Editor/6000.1.2f1/Editor/Data/PlaybackEngines/WindowsStandaloneSupport/UnityEditor.WindowsStandalone.Extensions.dll
Registered in 0.005406 seconds.
- Loaded All Assemblies, in  0.803 seconds
Native extension for WindowsStandalone target not found
Native extension for WebGL target not found
Mono: successfully reloaded assembly
- Finished resetting the current domain, in  0.692 seconds
Domain Reload Profiling: 1491ms
	BeginReloadAssembly (322ms)
		ExecutionOrderSort (0ms)
		DisableScriptedObjects (0ms)
		BackupInstance (0ms)
		ReleaseScriptingObjects (0ms)
		CreateAndSetChildDomain (1ms)
	RebuildCommonClasses (57ms)
	RebuildNativeTypeToScriptingClass (22ms)
	initialDomainReloadingComplete (101ms)
	LoadAllAssembliesAndSetupDomain (296ms)
		LoadAssemblies (294ms)
		RebuildTransferFunctionScriptingTraits (0ms)
		AnalyzeDomain (291ms)
			TypeCache.Refresh (288ms)
				TypeCache.ScanAssembly (264ms)
			BuildScriptInfoCaches (1ms)
			ResolveRequiredComponents (1ms)
	FinalizeReload (693ms)
		ReleaseScriptCaches (0ms)
		RebuildScriptCaches (0ms)
		SetupLoadedEditorAssemblies (604ms)
			LogAssemblyErrors (0ms)
			InitializePlatformSupportModulesInManaged (104ms)
			SetLoadedEditorAssemblies (7ms)
			BeforeProcessingInitializeOnLoad (106ms)
			ProcessInitializeOnLoadAttributes (264ms)
			ProcessInitializeOnLoadMethodAttributes (123ms)
			AfterProcessingInitializeOnLoad (0ms)
			EditorAssembliesLoaded (0ms)
		ExecutionOrderSort2 (0ms)
		AwakeInstancesAfterBackupRestoration (0ms)
========================================================================
Worker process is ready to serve import requests
Import Worker Mode flag is 0x00
Begin MonoManager ReloadAssembly
- Loaded All Assemblies, in  1.753 seconds
Script 'CharacterController' has the same name as built-in Unity component.
AddComponent and GetComponent will not work with this script.
'Packages/com.unity.cinemachine/Editor/Obsolete/CinemachineVirtualCameraBaseEditor.cs' contains partial class of Unity.Object, exactly 1 of the partial classes needs to be in a file with the same filename. This is to know the one that can be referenced from ie. GameObjects
'Packages/com.unity.render-pipelines.high-definition/Editor/Wizard/HDWizard.UIElement.cs' contains partial class of Unity.Object, exactly 1 of the partial classes needs to be in a file with the same filename. This is to know the one that can be referenced from ie. GameObjects
'Packages/com.unity.render-pipelines.high-definition/Editor/Wizard/HDWizard.Configuration.cs' contains partial class of Unity.Object, exactly 1 of the partial classes needs to be in a file with the same filename. This is to know the one that can be referenced from ie. GameObjects
'Packages/com.unity.cinemachine/Editor/Editors/CinemachineVirtualCameraBaseEditor.cs' contains partial class of Unity.Object, exactly 1 of the partial classes needs to be in a file with the same filename. This is to know the one that can be referenced from ie. GameObjects
'Packages/com.unity.render-pipelines.high-definition/Editor/Wizard/HDWizard.Window.cs' contains partial class of Unity.Object, exactly 1 of the partial classes needs to be in a file with the same filename. This is to know the one that can be referenced from ie. GameObjects
Refreshing native plugins compatible for Editor in 3.41 ms, found 5 plugins.
Native extension for WindowsStandalone target not found
Native extension for WebGL target not found
[MODES] ModeService[none].Initialize
[MODES] ModeService[none].LoadModes
[MODES] Loading mode Default (0) for mode-current-id-GameStudies3
Package Manager log level set to [2]
[Package Manager] Failed to launch server process. Reason: Unity was launched with the -noUpm command-line argument
[Package Manager] Unable to send message (not connected to server process).
[Package Manager] Cannot connect to Unity Package Manager local server
[Package Manager] Failed to launch server process. Reason: Unity was launched with the -noUpm command-line argument
[Package Manager] Unable to send message (not connected to server process).
[Package Manager] Cannot connect to Unity Package Manager local server
Mono: successfully reloaded assembly
- Finished resetting the current domain, in  1.527 seconds
Domain Reload Profiling: 3266ms
	BeginReloadAssembly (517ms)
		ExecutionOrderSort (0ms)
		DisableScriptedObjects (11ms)
		BackupInstance (0ms)
		ReleaseScriptingObjects (0ms)
		CreateAndSetChildDomain (99ms)
	RebuildCommonClasses (62ms)
	RebuildNativeTypeToScriptingClass (17ms)
	initialDomainReloadingComplete (64ms)
	LoadAllAssembliesAndSetupDomain (1077ms)
		LoadAssemblies (860ms)
		RebuildTransferFunctionScriptingTraits (0ms)
		AnalyzeDomain (555ms)
			TypeCache.Refresh (405ms)
				TypeCache.ScanAssembly (382ms)
			BuildScriptInfoCaches (128ms)
			ResolveRequiredComponents (17ms)
	FinalizeReload (1528ms)
		ReleaseScriptCaches (0ms)
		RebuildScriptCaches (0ms)
		SetupLoadedEditorAssemblies (1341ms)
			LogAssemblyErrors (0ms)
			InitializePlatformSupportModulesInManaged (3ms)
			SetLoadedEditorAssemblies (6ms)
			BeforeProcessingInitializeOnLoad (214ms)
			ProcessInitializeOnLoadAttributes (657ms)
			ProcessInitializeOnLoadMethodAttributes (451ms)
			AfterProcessingInitializeOnLoad (10ms)
			EditorAssembliesLoaded (0ms)
		ExecutionOrderSort2 (0ms)
		AwakeInstancesAfterBackupRestoration (10ms)
WARNING: Shader Unsupported: 'Hidden/Builtin_TerrainVisualization' - All subshaders removed
WARNING: Shader Did you use #pragma only_renderers and omit this platform?
WARNING: Shader If subshaders removal was intentional, you may have forgotten turning Fallback off?
WARNING: Shader Unsupported: 'Hidden/Builtin_TerrainVisualization' - All subshaders removed
WARNING: Shader Did you use #pragma only_renderers and omit this platform?
WARNING: Shader If subshaders removal was intentional, you may have forgotten turning Fallback off?
Launched and connected shader compiler UnityShaderCompiler.exe after 0.04 seconds
Refreshing native plugins compatible for Editor in 3.75 ms, found 5 plugins.
Preloading 0 native plugins for Editor in 0.00 ms.
Unloading 601 Unused Serialized files (Serialized files now loaded: 0)
Unloading 9230 unused Assets / (10.0 MB). Loaded Objects now: 10308.
Memory consumption went from 310.2 MB to 300.2 MB.
Total: 15.932400 ms (FindLiveObjects: 1.389800 ms CreateObjectMapping: 2.576300 ms MarkObjects: 6.797000 ms  DeleteObjects: 5.167500 ms)

========================================================================
Received Import Request.
  Time since last request: 63486.826130 seconds.
  path: Assets/Readme.asset
  artifactKey: Guid(7f2c382dc2c22446db59030979f6e495) Importer(815301076,1909f56bfc062723c751e8b465ee728b)
Start importing Assets/Readme.asset using Guid(7f2c382dc2c22446db59030979f6e495) Importer(815301076,1909f56bfc062723c751e8b465ee728b) (PreviewImporter) -> (artifact id: '7737968bf6e9227014b550c5ac8759b5') in 0.043165 seconds
Number of updated asset objects reloaded before import = 0Number of asset objects unloaded after import = 2

========================================================================
Received Import Request.
  Time since last request: 387.605891 seconds.
  path: Assets/--PROJECT/MATERIALS/BULLET.mat
  artifactKey: Guid(8ac27ad5c5d3db745b5184fccc9b0930) Importer(815301076,1909f56bfc062723c751e8b465ee728b)
Start importing Assets/--PROJECT/MATERIALS/BULLET.mat using Guid(8ac27ad5c5d3db745b5184fccc9b0930) Importer(815301076,1909f56bfc062723c751e8b465ee728b) (PreviewImporter)Launched and connected shader compiler UnityShaderCompiler.exe after 0.06 seconds
 -> (artifact id: '7194611e01d4ff396aad213db97faba8') in 30.2633454 seconds
Number of updated asset objects reloaded before import = 0Number of asset objects unloaded after import = 1

========================================================================
Received Import Request.
  Time since last request: 9.236705 seconds.
  path: Assets/--PROJECT/MATERIALS
  artifactKey: Guid(42083674afd570648aa651dbc417aca9) Importer(815301076,1909f56bfc062723c751e8b465ee728b)
Start importing Assets/--PROJECT/MATERIALS using Guid(42083674afd570648aa651dbc417aca9) Importer(815301076,1909f56bfc062723c751e8b465ee728b) (PreviewImporter) -> (artifact id: 'b7d5e93463675a605c2225e94660b878') in 0.0008032 seconds
Number of updated asset objects reloaded before import = 0Number of asset objects unloaded after import = 0

========================================================================
Received Import Request.
  Time since last request: 9.284243 seconds.
  path: Assets/--PROJECT/MATERIALS/BULLET.mat
  artifactKey: Guid(8ac27ad5c5d3db745b5184fccc9b0930) Importer(815301076,1909f56bfc062723c751e8b465ee728b)
Start importing Assets/--PROJECT/MATERIALS/BULLET.mat using Guid(8ac27ad5c5d3db745b5184fccc9b0930) Importer(815301076,1909f56bfc062723c751e8b465ee728b) (PreviewImporter) -> (artifact id: '327b0f2ba9fdad43fda0c4e3e7f49368') in 0.0751576 seconds
Number of updated asset objects reloaded before import = 0Number of asset objects unloaded after import = 1

========================================================================
Received Import Request.
  Time since last request: 0.000080 seconds.
  path: Assets/--PROJECT/MATERIALS/Ground.mat
  artifactKey: Guid(88e709da7fb112040b9e311f3906465d) Importer(815301076,1909f56bfc062723c751e8b465ee728b)
Start importing Assets/--PROJECT/MATERIALS/Ground.mat using Guid(88e709da7fb112040b9e311f3906465d) Importer(815301076,1909f56bfc062723c751e8b465ee728b) (PreviewImporter) -> (artifact id: 'b0232e131b17c999df5b5bd919ee15da') in 0.4293657 seconds
Number of updated asset objects reloaded before import = 0Number of asset objects unloaded after import = 1

========================================================================
Received Import Request.
  Time since last request: 144.504521 seconds.
  path: Assets/--PROJECT/IMAGES/alien-planet-building.jpg
  artifactKey: Guid(39550a14cab9c0c45a39d937c228dbb3) Importer(815301076,1909f56bfc062723c751e8b465ee728b)
Start importing Assets/--PROJECT/IMAGES/alien-planet-building.jpg using Guid(39550a14cab9c0c45a39d937c228dbb3) Importer(815301076,1909f56bfc062723c751e8b465ee728b) (PreviewImporter) -> (artifact id: '90dc00a6c9d0ff2692d4ea0ba9db075c') in 0.0326839 seconds
Number of updated asset objects reloaded before import = 0Number of asset objects unloaded after import = 2

========================================================================
Received Import Request.
  Time since last request: 0.000048 seconds.
  path: Assets/--PROJECT/IMAGES/Rock_Texture_Map.jpg
  artifactKey: Guid(c1f831788f2e396489ebee2e5e1c4bcb) Importer(815301076,1909f56bfc062723c751e8b465ee728b)
Start importing Assets/--PROJECT/IMAGES/Rock_Texture_Map.jpg using Guid(c1f831788f2e396489ebee2e5e1c4bcb) Importer(815301076,1909f56bfc062723c751e8b465ee728b) (PreviewImporter) -> (artifact id: '57137821ef04425d9b2f850f656bccee') in 0.0179665 seconds
Number of updated asset objects reloaded before import = 0Number of asset objects unloaded after import = 2

========================================================================
Received Import Request.
  Time since last request: 0.000057 seconds.
  path: Assets/--PROJECT/IMAGES/Soil_Texture_Map.jpg
  artifactKey: Guid(76413b0c41c752642b8136c4c6498f47) Importer(815301076,1909f56bfc062723c751e8b465ee728b)
Start importing Assets/--PROJECT/IMAGES/Soil_Texture_Map.jpg using Guid(76413b0c41c752642b8136c4c6498f47) Importer(815301076,1909f56bfc062723c751e8b465ee728b) (PreviewImporter) -> (artifact id: '7e0ab7c1b9396f3f283e7b91887b718c') in 0.0187533 seconds
Number of updated asset objects reloaded before import = 0Number of asset objects unloaded after import = 2

========================================================================
Received Import Request.
  Time since last request: 106.106016 seconds.
  path: Assets/--PROJECT/MATERIALS/BULLET.mat
  artifactKey: Guid(8ac27ad5c5d3db745b5184fccc9b0930) Importer(815301076,1909f56bfc062723c751e8b465ee728b)
Start importing Assets/--PROJECT/MATERIALS/BULLET.mat using Guid(8ac27ad5c5d3db745b5184fccc9b0930) Importer(815301076,1909f56bfc062723c751e8b465ee728b) (PreviewImporter) -> (artifact id: '0c0f9c78b957ad5a3798b853cddc743f') in 0.0427221 seconds
Number of updated asset objects reloaded before import = 0Number of asset objects unloaded after import = 1

========================================================================
Received Import Request.
  Time since last request: 0.000056 seconds.
  path: Assets/--PROJECT/MATERIALS/Ground.mat
  artifactKey: Guid(88e709da7fb112040b9e311f3906465d) Importer(815301076,1909f56bfc062723c751e8b465ee728b)
Start importing Assets/--PROJECT/MATERIALS/Ground.mat using Guid(88e709da7fb112040b9e311f3906465d) Importer(815301076,1909f56bfc062723c751e8b465ee728b) (PreviewImporter) -> (artifact id: '384da4aad5ba154c2e9f50e9be563d5f') in 0.0559604 seconds
Number of updated asset objects reloaded before import = 0Number of asset objects unloaded after import = 2

========================================================================
Received Import Request.
  Time since last request: 0.000045 seconds.
  path: Assets/--PROJECT/MATERIALS/Rocks.mat
  artifactKey: Guid(5961d3c12c7707a40b7612ccdfb9782f) Importer(815301076,1909f56bfc062723c751e8b465ee728b)
Start importing Assets/--PROJECT/MATERIALS/Rocks.mat using Guid(5961d3c12c7707a40b7612ccdfb9782f) Importer(815301076,1909f56bfc062723c751e8b465ee728b) (PreviewImporter) -> (artifact id: '2140bd72b4e7da9c5ba0f606a5473580') in 0.0256282 seconds
Number of updated asset objects reloaded before import = 0Number of asset objects unloaded after import = 1

========================================================================
Received Prepare
Begin MonoManager ReloadAssembly
Leak Detected : Persistent allocates 8 individual allocations. To find out more please enable 'Preferences > Jobs > Leak Detection Level > Enabled With Stack Trace' and reproduce the leak again.
- Loaded All Assemblies, in  1.480 seconds
Script 'CharacterController' has the same name as built-in Unity component.
AddComponent and GetComponent will not work with this script.
'Packages/com.unity.cinemachine/Editor/Obsolete/CinemachineVirtualCameraBaseEditor.cs' contains partial class of Unity.Object, exactly 1 of the partial classes needs to be in a file with the same filename. This is to know the one that can be referenced from ie. GameObjects
'Packages/com.unity.render-pipelines.high-definition/Editor/Wizard/HDWizard.UIElement.cs' contains partial class of Unity.Object, exactly 1 of the partial classes needs to be in a file with the same filename. This is to know the one that can be referenced from ie. GameObjects
'Packages/com.unity.render-pipelines.high-definition/Editor/Wizard/HDWizard.Configuration.cs' contains partial class of Unity.Object, exactly 1 of the partial classes needs to be in a file with the same filename. This is to know the one that can be referenced from ie. GameObjects
'Packages/com.unity.cinemachine/Editor/Editors/CinemachineVirtualCameraBaseEditor.cs' contains partial class of Unity.Object, exactly 1 of the partial classes needs to be in a file with the same filename. This is to know the one that can be referenced from ie. GameObjects
'Packages/com.unity.render-pipelines.high-definition/Editor/Wizard/HDWizard.Window.cs' contains partial class of Unity.Object, exactly 1 of the partial classes needs to be in a file with the same filename. This is to know the one that can be referenced from ie. GameObjects
Refreshing native plugins compatible for Editor in 3.62 ms, found 5 plugins.
Native extension for WindowsStandalone target not found
Native extension for WebGL target not found
[MODES] ModeService[none].Initialize
[MODES] ModeService[none].LoadModes
[Package Manager] Failed to launch server process. Reason: Unity was launched with the -noUpm command-line argument
[Package Manager] Unable to send message (not connected to server process).
[Package Manager] Cannot connect to Unity Package Manager local server
[Package Manager] Failed to launch server process. Reason: Unity was launched with the -noUpm command-line argument
[Package Manager] Unable to send message (not connected to server process).
[Package Manager] Cannot connect to Unity Package Manager local server
Mono: successfully reloaded assembly
- Finished resetting the current domain, in  1.299 seconds
Domain Reload Profiling: 2774ms
	BeginReloadAssembly (381ms)
		ExecutionOrderSort (0ms)
		DisableScriptedObjects (59ms)
		BackupInstance (0ms)
		ReleaseScriptingObjects (0ms)
		CreateAndSetChildDomain (97ms)
	RebuildCommonClasses (54ms)
	RebuildNativeTypeToScriptingClass (16ms)
	initialDomainReloadingComplete (37ms)
	LoadAllAssembliesAndSetupDomain (986ms)
		LoadAssemblies (671ms)
		RebuildTransferFunctionScriptingTraits (0ms)
		AnalyzeDomain (437ms)
			TypeCache.Refresh (13ms)
				TypeCache.ScanAssembly (0ms)
			BuildScriptInfoCaches (399ms)
			ResolveRequiredComponents (17ms)
	FinalizeReload (1300ms)
		ReleaseScriptCaches (0ms)
		RebuildScriptCaches (0ms)
		SetupLoadedEditorAssemblies (982ms)
			LogAssemblyErrors (0ms)
			InitializePlatformSupportModulesInManaged (3ms)
			SetLoadedEditorAssemblies (7ms)
			BeforeProcessingInitializeOnLoad (204ms)
			ProcessInitializeOnLoadAttributes (645ms)
			ProcessInitializeOnLoadMethodAttributes (108ms)
			AfterProcessingInitializeOnLoad (13ms)
			EditorAssembliesLoaded (1ms)
		ExecutionOrderSort2 (0ms)
		AwakeInstancesAfterBackupRestoration (39ms)
WARNING: Shader Unsupported: 'Hidden/Builtin_TerrainVisualization' - All subshaders removed
WARNING: Shader Did you use #pragma only_renderers and omit this platform?
WARNING: Shader If subshaders removal was intentional, you may have forgotten turning Fallback off?
WARNING: Shader Unsupported: 'Hidden/Builtin_TerrainVisualization' - All subshaders removed
WARNING: Shader Did you use #pragma only_renderers and omit this platform?
WARNING: Shader If subshaders removal was intentional, you may have forgotten turning Fallback off?
Refreshing native plugins compatible for Editor in 4.09 ms, found 5 plugins.
Preloading 0 native plugins for Editor in 0.00 ms.
Unloading 42 Unused Serialized files (Serialized files now loaded: 0)
Unloading 9228 unused Assets / (9.7 MB). Loaded Objects now: 10424.
Memory consumption went from 255.0 MB to 245.3 MB.
Total: 20.928400 ms (FindLiveObjects: 1.778500 ms CreateObjectMapping: 2.674000 ms MarkObjects: 9.412800 ms  DeleteObjects: 7.061200 ms)

Prepare: number of updated asset objects reloaded= 0
========================================================================
Received Import Request.
  Time since last request: 889.688465 seconds.
  path: Assets/--PROJECT/WEAPONS/Sci Fi Gun Light
  artifactKey: Guid(7f2552ce5c0102c4797360cc4f760e74) Importer(815301076,1909f56bfc062723c751e8b465ee728b)
Start importing Assets/--PROJECT/WEAPONS/Sci Fi Gun Light using Guid(7f2552ce5c0102c4797360cc4f760e74) Importer(815301076,1909f56bfc062723c751e8b465ee728b) (PreviewImporter) -> (artifact id: '7f42d061753f0007c61cdd2f33da7f0a') in 0.0216883 seconds
Number of updated asset objects reloaded before import = 0Number of asset objects unloaded after import = 0

========================================================================
Received Import Request.
  Time since last request: 0.385026 seconds.
  path: Assets/--PROJECT/WEAPONS/Sci Fi Gun Light/Models
  artifactKey: Guid(33f9dadd88dcf4745a5f22e0c5b26f46) Importer(815301076,1909f56bfc062723c751e8b465ee728b)
Start importing Assets/--PROJECT/WEAPONS/Sci Fi Gun Light/Models using Guid(33f9dadd88dcf4745a5f22e0c5b26f46) Importer(815301076,1909f56bfc062723c751e8b465ee728b) (PreviewImporter) -> (artifact id: '81f89f9eacb7c0014c20b4a85f541921') in 0.0016616 seconds
Number of updated asset objects reloaded before import = 0Number of asset objects unloaded after import = 0

========================================================================
Received Import Request.
  Time since last request: 0.000022 seconds.
  path: Assets/--PROJECT/WEAPONS/Sci Fi Gun Light/Models/SciFiGunLight.FBX
  artifactKey: Guid(584761fab006d6d42b4d0d8c56a51241) Importer(815301076,1909f56bfc062723c751e8b465ee728b)
Start importing Assets/--PROJECT/WEAPONS/Sci Fi Gun Light/Models/SciFiGunLight.FBX using Guid(584761fab006d6d42b4d0d8c56a51241) Importer(815301076,1909f56bfc062723c751e8b465ee728b) (PreviewImporter) -> (artifact id: '77a49a40f0cab6212e86207eef55260a') in 2.0381467 seconds
Number of updated asset objects reloaded before import = 0Number of asset objects unloaded after import = 7

========================================================================
Received Import Request.
  Time since last request: 1.025802 seconds.
  path: Assets/--PROJECT/WEAPONS/Sci Fi Gun Light/Materials/CubeMap.exr
  artifactKey: Guid(bc5d7914c594d274b9bb50cb9f34081d) Importer(815301076,1909f56bfc062723c751e8b465ee728b)
Start importing Assets/--PROJECT/WEAPONS/Sci Fi Gun Light/Materials/CubeMap.exr using Guid(bc5d7914c594d274b9bb50cb9f34081d) Importer(815301076,1909f56bfc062723c751e8b465ee728b) (PreviewImporter) -> (artifact id: '1a05992ae9c08a1168ad766b6f441394') in 0.5518979 seconds
Number of updated asset objects reloaded before import = 0Number of asset objects unloaded after import = 1

========================================================================
Received Import Request.
  Time since last request: 0.737533 seconds.
  path: Assets/--PROJECT/WEAPONS/Sci Fi Gun Light/Materials/SciFiGunLight
  artifactKey: Guid(863fb030258283c4e907d0c4c51e96cf) Importer(815301076,1909f56bfc062723c751e8b465ee728b)
Start importing Assets/--PROJECT/WEAPONS/Sci Fi Gun Light/Materials/SciFiGunLight using Guid(863fb030258283c4e907d0c4c51e96cf) Importer(815301076,1909f56bfc062723c751e8b465ee728b) (PreviewImporter) -> (artifact id: '8ace4c94301e761210e78e2b407955b1') in 0.0007447 seconds
Number of updated asset objects reloaded before import = 0Number of asset objects unloaded after import = 0

========================================================================
Received Import Request.
  Time since last request: 0.000036 seconds.
  path: Assets/--PROJECT/WEAPONS/Sci Fi Gun Light/Materials/SciFiGunLight/SciFiGunLight_Black.mat
  artifactKey: Guid(a501bb00c34251540a7cffaba4f07182) Importer(815301076,1909f56bfc062723c751e8b465ee728b)
Start importing Assets/--PROJECT/WEAPONS/Sci Fi Gun Light/Materials/SciFiGunLight/SciFiGunLight_Black.mat using Guid(a501bb00c34251540a7cffaba4f07182) Importer(815301076,1909f56bfc062723c751e8b465ee728b) (PreviewImporter) -> (artifact id: '16050f361fa336fc766032c74ea847c4') in 2.4286997 seconds
Number of updated asset objects reloaded before import = 0Number of asset objects unloaded after import = 6

========================================================================
Received Import Request.
  Time since last request: 0.000045 seconds.
  path: Assets/--PROJECT/WEAPONS/Sci Fi Gun Light/Materials/SciFiGunLight/SciFiGunLight_Rad_MaskMap.png
  artifactKey: Guid(b1e39a1f34b44f1489850e5ef4d0eb1e) Importer(815301076,1909f56bfc062723c751e8b465ee728b)
Start importing Assets/--PROJECT/WEAPONS/Sci Fi Gun Light/Materials/SciFiGunLight/SciFiGunLight_Rad_MaskMap.png using Guid(b1e39a1f34b44f1489850e5ef4d0eb1e) Importer(815301076,1909f56bfc062723c751e8b465ee728b) (PreviewImporter) -> (artifact id: '51e526086d39dfa095056b4fba8a2b0c') in 3.9496448 seconds
Number of updated asset objects reloaded before import = 0Number of asset objects unloaded after import = 2

========================================================================
Received Import Request.
  Time since last request: 0.000122 seconds.
  path: Assets/--PROJECT/WEAPONS/Sci Fi Gun Light/Materials/SciFiGunLight/SciFiGunLight_Yellow.mat
  artifactKey: Guid(cbf658ed14edc5a4987f28f0eb9160ae) Importer(815301076,1909f56bfc062723c751e8b465ee728b)
Start importing Assets/--PROJECT/WEAPONS/Sci Fi Gun Light/Materials/SciFiGunLight/SciFiGunLight_Yellow.mat using Guid(cbf658ed14edc5a4987f28f0eb9160ae) Importer(815301076,1909f56bfc062723c751e8b465ee728b) (PreviewImporter) -> (artifact id: '539e75155f0f55cbdb934a9e30acdb53') in 0.5652835 seconds
Number of updated asset objects reloaded before import = 0Number of asset objects unloaded after import = 6

========================================================================
Received Import Request.
  Time since last request: 0.000049 seconds.
  path: Assets/--PROJECT/WEAPONS/Sci Fi Gun Light/Materials/SciFiGunLight/SciFiGunLight_White.mat
  artifactKey: Guid(f59d38d7fdabd3048a6eec44cfa5365f) Importer(815301076,1909f56bfc062723c751e8b465ee728b)
Start importing Assets/--PROJECT/WEAPONS/Sci Fi Gun Light/Materials/SciFiGunLight/SciFiGunLight_White.mat using Guid(f59d38d7fdabd3048a6eec44cfa5365f) Importer(815301076,1909f56bfc062723c751e8b465ee728b) (PreviewImporter) -> (artifact id: '5a3ab84f77d7d2a0a30af74bd278e3d5') in 1.1446061 seconds
Number of updated asset objects reloaded before import = 0Number of asset objects unloaded after import = 6

========================================================================
Received Import Request.
  Time since last request: 0.000036 seconds.
  path: Assets/--PROJECT/WEAPONS/Sci Fi Gun Light/Materials/SciFiGunLight/SciFiGunLight_Blue.mat
  artifactKey: Guid(5c7176cef124e1a4793b448ed91b74e1) Importer(815301076,1909f56bfc062723c751e8b465ee728b)
Start importing Assets/--PROJECT/WEAPONS/Sci Fi Gun Light/Materials/SciFiGunLight/SciFiGunLight_Blue.mat using Guid(5c7176cef124e1a4793b448ed91b74e1) Importer(815301076,1909f56bfc062723c751e8b465ee728b) (PreviewImporter) -> (artifact id: 'd4d334f12287f62ee41c846aa63f08e1') in 0.7284312 seconds
Number of updated asset objects reloaded before import = 0Number of asset objects unloaded after import = 6

========================================================================
Received Import Request.
  Time since last request: 0.000099 seconds.
  path: Assets/--PROJECT/WEAPONS/Sci Fi Gun Light/Materials/SciFiGunLight/SciFiGunLight_White_MaskMap.png
  artifactKey: Guid(3d1935594af700b4eaa911e2dc450400) Importer(815301076,1909f56bfc062723c751e8b465ee728b)
Start importing Assets/--PROJECT/WEAPONS/Sci Fi Gun Light/Materials/SciFiGunLight/SciFiGunLight_White_MaskMap.png using Guid(3d1935594af700b4eaa911e2dc450400) Importer(815301076,1909f56bfc062723c751e8b465ee728b) (PreviewImporter) -> (artifact id: '0572bef4eb4cc4983b81325df23bae72') in 0.040915 seconds
Number of updated asset objects reloaded before import = 0Number of asset objects unloaded after import = 2

========================================================================
Received Import Request.
  Time since last request: 0.000037 seconds.
  path: Assets/--PROJECT/WEAPONS/Sci Fi Gun Light/Materials/SciFiGunLight/SciFiGunLight_Yellow_MaskMap.png
  artifactKey: Guid(201b85b779f5ff049be08ca69e5786fd) Importer(815301076,1909f56bfc062723c751e8b465ee728b)
Start importing Assets/--PROJECT/WEAPONS/Sci Fi Gun Light/Materials/SciFiGunLight/SciFiGunLight_Yellow_MaskMap.png using Guid(201b85b779f5ff049be08ca69e5786fd) Importer(815301076,1909f56bfc062723c751e8b465ee728b) (PreviewImporter) -> (artifact id: '3da9d1b6b1f6f63cb6bcdcd984e1b180') in 0.0174901 seconds
Number of updated asset objects reloaded before import = 0Number of asset objects unloaded after import = 2

========================================================================
Received Import Request.
  Time since last request: 0.000045 seconds.
  path: Assets/--PROJECT/WEAPONS/Sci Fi Gun Light/Materials/SciFiGunLight/SciFiGunLight_Rad.mat
  artifactKey: Guid(9cadc8c5021163743861056c6e0fb83a) Importer(815301076,1909f56bfc062723c751e8b465ee728b)
Start importing Assets/--PROJECT/WEAPONS/Sci Fi Gun Light/Materials/SciFiGunLight/SciFiGunLight_Rad.mat using Guid(9cadc8c5021163743861056c6e0fb83a) Importer(815301076,1909f56bfc062723c751e8b465ee728b) (PreviewImporter) -> (artifact id: 'd18900b631401d8e0179552c7cd8e298') in 0.1191869 seconds
Number of updated asset objects reloaded before import = 0Number of asset objects unloaded after import = 6

========================================================================
Received Import Request.
  Time since last request: 0.000042 seconds.
  path: Assets/--PROJECT/WEAPONS/Sci Fi Gun Light/Materials/SciFiGunLight/SciFiGunLight_Blue_MaskMap.png
  artifactKey: Guid(4ee56e0fc1102174c9dad1a153d47fbd) Importer(815301076,1909f56bfc062723c751e8b465ee728b)
Start importing Assets/--PROJECT/WEAPONS/Sci Fi Gun Light/Materials/SciFiGunLight/SciFiGunLight_Blue_MaskMap.png using Guid(4ee56e0fc1102174c9dad1a153d47fbd) Importer(815301076,1909f56bfc062723c751e8b465ee728b) (PreviewImporter) -> (artifact id: '153ea552f5c47d793e18510b82c24e22') in 0.0170128 seconds
Number of updated asset objects reloaded before import = 0Number of asset objects unloaded after import = 2

========================================================================
Received Import Request.
  Time since last request: 0.000057 seconds.
  path: Assets/--PROJECT/WEAPONS/Sci Fi Gun Light/Materials/SciFiGunLight/SciFiGunLight_Black_MaskMap.png
  artifactKey: Guid(6513fa709267f0a47af0a86f9725a32a) Importer(815301076,1909f56bfc062723c751e8b465ee728b)
Start importing Assets/--PROJECT/WEAPONS/Sci Fi Gun Light/Materials/SciFiGunLight/SciFiGunLight_Black_MaskMap.png using Guid(6513fa709267f0a47af0a86f9725a32a) Importer(815301076,1909f56bfc062723c751e8b465ee728b) (PreviewImporter) -> (artifact id: '0d9249e5083b7ff5bef469bc89372567') in 0.0402581 seconds
Number of updated asset objects reloaded before import = 0Number of asset objects unloaded after import = 2

========================================================================
Received Import Request.
  Time since last request: 722.275044 seconds.
  path: Assets/--PROJECT/MATERIALS/BULLET.mat
  artifactKey: Guid(8ac27ad5c5d3db745b5184fccc9b0930) Importer(815301076,1909f56bfc062723c751e8b465ee728b)
Start importing Assets/--PROJECT/MATERIALS/BULLET.mat using Guid(8ac27ad5c5d3db745b5184fccc9b0930) Importer(815301076,1909f56bfc062723c751e8b465ee728b) (PreviewImporter) -> (artifact id: 'e96ba661fa189923f03deb3e74d3d1b3') in 0.1867464 seconds
Number of updated asset objects reloaded before import = 0Number of asset objects unloaded after import = 1

========================================================================
Received Import Request.
  Time since last request: 0.000069 seconds.
  path: Assets/--PROJECT/MATERIALS/Rocks.mat
  artifactKey: Guid(5961d3c12c7707a40b7612ccdfb9782f) Importer(815301076,1909f56bfc062723c751e8b465ee728b)
Start importing Assets/--PROJECT/MATERIALS/Rocks.mat using Guid(5961d3c12c7707a40b7612ccdfb9782f) Importer(815301076,1909f56bfc062723c751e8b465ee728b) (PreviewImporter) -> (artifact id: '80248321effd813eac6e7365303fcaf9') in 0.7035467 seconds
Number of updated asset objects reloaded before import = 0Number of asset objects unloaded after import = 2

